\BOOKMARK [0][-]{Doc-Start}{Certificate}{}% 1
\BOOKMARK [0][-]{chapter*.1}{Abstract}{}% 2
\BOOKMARK [0][-]{chapter*.1}{Declaration}{}% 3
\BOOKMARK [0][-]{chapter*.1}{Acknowledgement}{}% 4
\BOOKMARK [0][-]{chapter*.3}{List of Tables}{}% 5
\BOOKMARK [0][-]{chapter*.4}{toList of Figures}{}% 6
\BOOKMARK [0][-]{chapter*.5}{Abbreviations}{}% 7
\BOOKMARK [0][-]{chapter.1}{INTRODUCTION}{}% 8
\BOOKMARK [1][-]{section.1.1}{Introduction}{chapter.1}% 9
\BOOKMARK [2][-]{subsection.1.1.1}{Partial discharge phenomenon}{section.1.1}% 10
\BOOKMARK [1][-]{section.1.2}{Motivation}{chapter.1}% 11
\BOOKMARK [1][-]{section.1.3}{Objectives}{chapter.1}% 12
\BOOKMARK [1][-]{section.1.4}{Theme}{chapter.1}% 13
\BOOKMARK [1][-]{section.1.5}{Organization}{chapter.1}% 14
\BOOKMARK [0][-]{chapter.2}{LITERATURE SURVEY}{}% 15
\BOOKMARK [1][-]{section.2.1}{Overview of Partial Discharge}{chapter.2}% 16
\BOOKMARK [2][-]{subsection.2.1.1}{Partial discharge phenomenon}{section.2.1}% 17
\BOOKMARK [2][-]{subsection.2.1.2}{Partial discharge mechanism}{section.2.1}% 18
\BOOKMARK [2][-]{subsection.2.1.3}{Partial discharge circuit}{section.2.1}% 19
\BOOKMARK [2][-]{subsection.2.1.4}{Partial discharge currents}{section.2.1}% 20
\BOOKMARK [1][-]{section.2.2}{Partial Discharge Measurements}{chapter.2}% 21
\BOOKMARK [2][-]{subsection.2.2.1}{Partial discharge measurement system}{section.2.2}% 22
\BOOKMARK [2][-]{subsection.2.2.2}{On-line measuring system}{section.2.2}% 23
\BOOKMARK [2][-]{subsection.2.2.3}{Off line measuring system}{section.2.2}% 24
\BOOKMARK [1][-]{section.2.3}{Effect of Partial Discharge on Electrical Equipments}{chapter.2}% 25
\BOOKMARK [1][-]{section.2.4}{Predictions from Partial discharge }{chapter.2}% 26
\BOOKMARK [1][-]{section.2.5}{Study of Various Instruments Which Detects Partial Discharge in High Voltage Instrument}{chapter.2}% 27
\BOOKMARK [2][-]{subsection.2.5.1}{Expert partial discharge analyzer with reflectometer - R2100}{section.2.5}% 28
\BOOKMARK [2][-]{subsection.2.5.2}{Partial discharge analysis system}{section.2.5}% 29
\BOOKMARK [2][-]{subsection.2.5.3}{DB series sensors}{section.2.5}% 30
\BOOKMARK [2][-]{subsection.2.5.4}{RFCT sensors}{section.2.5}% 31
\BOOKMARK [2][-]{subsection.2.5.5}{DRTD-3 sensor}{section.2.5}% 32
\BOOKMARK [2][-]{subsection.2.5.6}{KS-60 sensors}{section.2.5}% 33
\BOOKMARK [2][-]{subsection.2.5.7}{AR-1 sensor}{section.2.5}% 34
\BOOKMARK [2][-]{subsection.2.5.8}{RT-1 isolating transformer}{section.2.5}% 35
\BOOKMARK [2][-]{subsection.2.5.9}{GKI-2 calibration oscillator}{section.2.5}% 36
\BOOKMARK [2][-]{subsection.2.5.10}{Ultrasonic and acoustic emission}{section.2.5}% 37
\BOOKMARK [1][-]{section.2.6}{Research Gap}{chapter.2}% 38
\BOOKMARK [0][-]{chapter.3}{SYSTEM DEVELOPMENT}{}% 39
\BOOKMARK [1][-]{section.3.1}{Computational Models}{chapter.3}% 40
\BOOKMARK [2][-]{subsection.3.1.1}{Simulation model for oil filled high voltage current transformers in steady state condition}{section.3.1}% 41
\BOOKMARK [2][-]{subsection.3.1.2}{Simulation model for high voltage current transformers in short circuit and transient condition}{section.3.1}% 42
\BOOKMARK [1][-]{section.3.2}{Analytical Models}{chapter.3}% 43
\BOOKMARK [2][-]{subsection.3.2.1}{Mathematical model of high voltage current transformers}{section.3.2}% 44
\BOOKMARK [2][-]{subsection.3.2.2}{Mathematical model of void in oil insulation}{section.3.2}% 45
\BOOKMARK [1][-]{section.3.3}{Manufacturing Processes and Actions to Avoid Partial Discharge}{chapter.3}% 46
\BOOKMARK [2][-]{subsection.3.3.1}{Service experience analysis}{section.3.3}% 47
\BOOKMARK [2][-]{subsection.3.3.2}{Specifications of current transformers}{section.3.3}% 48
\BOOKMARK [0][-]{chapter.4}{PERFORMANCE ANALYSIS}{}% 49
\BOOKMARK [1][-]{section.4.1}{Computational Analysis}{chapter.4}% 50
\BOOKMARK [2][-]{subsection.4.1.1}{Analysis of simulation model for high voltage current transformers in steady state condition}{section.4.1}% 51
\BOOKMARK [2][-]{subsection.4.1.2}{Analysis of simulation model for high voltage current transformers in short circuit and transient condition}{section.4.1}% 52
\BOOKMARK [1][-]{section.4.2}{Analytical Analysis}{chapter.4}% 53
\BOOKMARK [1][-]{section.4.3}{Comparison between Computational and Analytical Analysis}{chapter.4}% 54
\BOOKMARK [1][-]{section.4.4}{Justification for the difference}{chapter.4}% 55
\BOOKMARK [0][-]{chapter.5}{CONCLUSIONS}{}% 56
\BOOKMARK [1][-]{section.5.1}{Conclusions}{chapter.5}% 57
\BOOKMARK [1][-]{section.5.2}{Future Scope}{chapter.5}% 58
\BOOKMARK [1][-]{section.5.3}{Applications}{chapter.5}% 59
\BOOKMARK [1][-]{section.5.4}{Contributions}{chapter.5}% 60
\BOOKMARK [0][-]{chapter*.78}{Appendix}{}% 61
\BOOKMARK [0][-]{Item.49}{References}{}% 62
